<?xml version="1.0" encoding="UTF-8"?>
<coverage generated="1715019246714" clover="3.2.0">
  <project timestamp="1715019246714" name="All files">
    <metrics statements="45" coveredstatements="44" conditionals="11" coveredconditionals="11" methods="12" coveredmethods="11" elements="68" coveredelements="66" complexity="0" loc="45" ncloc="45" packages="1" files="3" classes="3"/>
    <file name="customer.ts" path="/home/guest/Project/dojo/2024/05/06/movie_rental/src/customer.ts">
      <metrics statements="31" coveredstatements="31" conditionals="11" coveredconditionals="11" methods="5" coveredmethods="5"/>
      <line num="1" count="1" type="stmt"/>
      <line num="10" count="1" type="stmt"/>
      <line num="11" count="2" type="stmt"/>
      <line num="14" count="2" type="stmt"/>
      <line num="17" count="2" type="stmt"/>
      <line num="21" count="12" type="stmt"/>
      <line num="25" count="1" type="stmt"/>
      <line num="29" count="1" type="stmt"/>
      <line num="30" count="1" type="stmt"/>
      <line num="31" count="1" type="stmt"/>
      <line num="33" count="1" type="stmt"/>
      <line num="34" count="6" type="stmt"/>
      <line num="37" count="6" type="stmt"/>
      <line num="39" count="2" type="stmt"/>
      <line num="40" count="2" type="cond" truecount="2" falsecount="0"/>
      <line num="41" count="1" type="stmt"/>
      <line num="43" count="2" type="stmt"/>
      <line num="45" count="2" type="stmt"/>
      <line num="46" count="2" type="stmt"/>
      <line num="48" count="2" type="stmt"/>
      <line num="49" count="2" type="cond" truecount="2" falsecount="0"/>
      <line num="50" count="1" type="stmt"/>
      <line num="52" count="2" type="stmt"/>
      <line num="56" count="6" type="stmt"/>
      <line num="58" count="6" type="cond" truecount="4" falsecount="0"/>
      <line num="59" count="1" type="stmt"/>
      <line num="62" count="6" type="stmt"/>
      <line num="63" count="6" type="stmt"/>
      <line num="67" count="1" type="stmt"/>
      <line num="68" count="1" type="stmt"/>
      <line num="70" count="1" type="stmt"/>
    </file>
    <file name="movie.ts" path="/home/guest/Project/dojo/2024/05/06/movie_rental/src/movie.ts">
      <metrics statements="9" coveredstatements="8" conditionals="0" coveredconditionals="0" methods="4" coveredmethods="3"/>
      <line num="1" count="1" type="stmt"/>
      <line num="3" count="1" type="stmt"/>
      <line num="4" count="1" type="stmt"/>
      <line num="5" count="1" type="stmt"/>
      <line num="11" count="12" type="stmt"/>
      <line num="12" count="12" type="stmt"/>
      <line num="16" count="12" type="stmt"/>
      <line num="20" count="0" type="stmt"/>
      <line num="24" count="6" type="stmt"/>
    </file>
    <file name="rental.ts" path="/home/guest/Project/dojo/2024/05/06/movie_rental/src/rental.ts">
      <metrics statements="5" coveredstatements="5" conditionals="0" coveredconditionals="0" methods="3" coveredmethods="3"/>
      <line num="3" count="1" type="stmt"/>
      <line num="9" count="12" type="stmt"/>
      <line num="10" count="12" type="stmt"/>
      <line num="14" count="10" type="stmt"/>
      <line num="18" count="18" type="stmt"/>
    </file>
  </project>
</coverage>
