{"/home/guest/Project/dojo/2024/05/06/movie_rental/src/customer.ts": {"path":"/home/guest/Project/dojo/2024/05/06/movie_rental/src/customer.ts","statementMap":{"0":{"start":{"line":1,"column":0},"end":{"line":1,"column":30}},"1":{"start":{"line":11,"column":11},"end":{"line":11,"column":null}},"2":{"start":{"line":11,"column":41},"end":{"line":11,"column":43}},"3":{"start":{"line":14,"column":12},"end":{"line":14,"column":35}},"4":{"start":{"line":17,"column":8},"end":{"line":17,"column":25}},"5":{"start":{"line":21,"column":8},"end":{"line":21,"column":31}},"6":{"start":{"line":25,"column":8},"end":{"line":25,"column":25}},"7":{"start":{"line":29,"column":34},"end":{"line":29,"column":35}},"8":{"start":{"line":30,"column":43},"end":{"line":30,"column":44}},"9":{"start":{"line":31,"column":21},"end":{"line":31,"column":65}},"10":{"start":{"line":33,"column":8},"end":{"line":64,"column":null}},"11":{"start":{"line":34,"column":29},"end":{"line":34,"column":30}},"12":{"start":{"line":37,"column":12},"end":{"line":53,"column":null}},"13":{"start":{"line":39,"column":20},"end":{"line":39,"column":36}},"14":{"start":{"line":40,"column":20},"end":{"line":42,"column":null}},"15":{"start":{"line":41,"column":24},"end":{"line":41,"column":71}},"16":{"start":{"line":43,"column":20},"end":{"line":43,"column":26}},"17":{"start":{"line":45,"column":20},"end":{"line":45,"column":59}},"18":{"start":{"line":46,"column":20},"end":{"line":46,"column":26}},"19":{"start":{"line":48,"column":20},"end":{"line":48,"column":38}},"20":{"start":{"line":49,"column":20},"end":{"line":51,"column":null}},"21":{"start":{"line":50,"column":24},"end":{"line":50,"column":71}},"22":{"start":{"line":52,"column":20},"end":{"line":52,"column":26}},"23":{"start":{"line":56,"column":12},"end":{"line":56,"column":35}},"24":{"start":{"line":58,"column":12},"end":{"line":59,"column":39}},"25":{"start":{"line":59,"column":16},"end":{"line":59,"column":39}},"26":{"start":{"line":62,"column":12},"end":{"line":62,"column":94}},"27":{"start":{"line":63,"column":12},"end":{"line":63,"column":38}},"28":{"start":{"line":67,"column":8},"end":{"line":67,"column":68}},"29":{"start":{"line":68,"column":8},"end":{"line":68,"column":83}},"30":{"start":{"line":70,"column":8},"end":{"line":70,"column":22}},"31":{"start":{"line":10,"column":0},"end":{"line":10,"column":13}}},"fnMap":{"0":{"name":"(anonymous_0)","decl":{"start":{"line":16,"column":4},"end":{"line":16,"column":23}},"loc":{"start":{"line":16,"column":35},"end":{"line":18,"column":5}}},"1":{"name":"(anonymous_1)","decl":{"start":{"line":11,"column":27},"end":{"line":11,"column":38}},"loc":{"start":{"line":11,"column":41},"end":{"line":11,"column":43}}},"2":{"name":"(anonymous_2)","decl":{"start":{"line":20,"column":11},"end":{"line":20,"column":20}},"loc":{"start":{"line":20,"column":32},"end":{"line":22,"column":5}}},"3":{"name":"(anonymous_3)","decl":{"start":{"line":24,"column":11},"end":{"line":24,"column":18}},"loc":{"start":{"line":24,"column":18},"end":{"line":26,"column":5}}},"4":{"name":"(anonymous_4)","decl":{"start":{"line":28,"column":11},"end":{"line":28,"column":20}},"loc":{"start":{"line":28,"column":20},"end":{"line":71,"column":5}}}},"branchMap":{"0":{"loc":{"start":{"line":38,"column":16},"end":{"line":43,"column":26}},"type":"switch","locations":[{"start":{"line":38,"column":16},"end":{"line":43,"column":26}},{"start":{"line":44,"column":16},"end":{"line":46,"column":26}},{"start":{"line":47,"column":16},"end":{"line":52,"column":26}}]},"1":{"loc":{"start":{"line":40,"column":20},"end":{"line":42,"column":null}},"type":"if","locations":[{"start":{"line":40,"column":20},"end":{"line":42,"column":null}},{"start":{"line":40,"column":20},"end":{"line":42,"column":null}}]},"2":{"loc":{"start":{"line":49,"column":20},"end":{"line":51,"column":null}},"type":"if","locations":[{"start":{"line":49,"column":20},"end":{"line":51,"column":null}},{"start":{"line":49,"column":20},"end":{"line":51,"column":null}}]},"3":{"loc":{"start":{"line":58,"column":12},"end":{"line":59,"column":39}},"type":"if","locations":[{"start":{"line":58,"column":12},"end":{"line":59,"column":39}},{"start":{"line":58,"column":12},"end":{"line":59,"column":39}}]},"4":{"loc":{"start":{"line":58,"column":17},"end":{"line":58,"column":69}},"type":"binary-expr","locations":[{"start":{"line":58,"column":17},"end":{"line":58,"column":69}},{"start":{"line":58,"column":74},"end":{"line":58,"column":98}}]}},"s":{"0":1,"1":2,"2":1,"3":2,"4":2,"5":12,"6":1,"7":1,"8":1,"9":1,"10":1,"11":6,"12":6,"13":2,"14":2,"15":1,"16":2,"17":2,"18":2,"19":2,"20":2,"21":1,"22":2,"23":6,"24":6,"25":1,"26":6,"27":6,"28":1,"29":1,"30":1,"31":1},"f":{"0":2,"1":1,"2":12,"3":1,"4":1},"b":{"0":[2,2,2],"1":[1,1],"2":[1,1],"3":[1,5],"4":[6,2]}}
,"/home/guest/Project/dojo/2024/05/06/movie_rental/src/movie.ts": {"path":"/home/guest/Project/dojo/2024/05/06/movie_rental/src/movie.ts","statementMap":{"0":{"start":{"line":11,"column":8},"end":{"line":11,"column":27}},"1":{"start":{"line":12,"column":8},"end":{"line":12,"column":35}},"2":{"start":{"line":16,"column":8},"end":{"line":16,"column":30}},"3":{"start":{"line":20,"column":8},"end":{"line":20,"column":29}},"4":{"start":{"line":24,"column":8},"end":{"line":24,"column":26}},"5":{"start":{"line":1,"column":0},"end":{"line":1,"column":13}},"6":{"start":{"line":3,"column":18},"end":{"line":3,"column":32}},"7":{"start":{"line":4,"column":18},"end":{"line":4,"column":34}},"8":{"start":{"line":5,"column":18},"end":{"line":5,"column":30}}},"fnMap":{"0":{"name":"(anonymous_0)","decl":{"start":{"line":10,"column":4},"end":{"line":10,"column":23}},"loc":{"start":{"line":10,"column":55},"end":{"line":13,"column":5}}},"1":{"name":"(anonymous_1)","decl":{"start":{"line":15,"column":11},"end":{"line":15,"column":23}},"loc":{"start":{"line":15,"column":23},"end":{"line":17,"column":5}}},"2":{"name":"(anonymous_2)","decl":{"start":{"line":19,"column":11},"end":{"line":19,"column":23}},"loc":{"start":{"line":19,"column":35},"end":{"line":21,"column":5}}},"3":{"name":"(anonymous_3)","decl":{"start":{"line":23,"column":11},"end":{"line":23,"column":19}},"loc":{"start":{"line":23,"column":19},"end":{"line":25,"column":5}}}},"branchMap":{},"s":{"0":12,"1":12,"2":12,"3":0,"4":6,"5":1,"6":1,"7":1,"8":1},"f":{"0":12,"1":12,"2":0,"3":6},"b":{}}
,"/home/guest/Project/dojo/2024/05/06/movie_rental/src/rental.ts": {"path":"/home/guest/Project/dojo/2024/05/06/movie_rental/src/rental.ts","statementMap":{"0":{"start":{"line":9,"column":8},"end":{"line":9,"column":27}},"1":{"start":{"line":10,"column":8},"end":{"line":10,"column":37}},"2":{"start":{"line":14,"column":8},"end":{"line":14,"column":31}},"3":{"start":{"line":18,"column":8},"end":{"line":18,"column":26}},"4":{"start":{"line":3,"column":0},"end":{"line":3,"column":13}}},"fnMap":{"0":{"name":"(anonymous_0)","decl":{"start":{"line":8,"column":4},"end":{"line":8,"column":23}},"loc":{"start":{"line":8,"column":55},"end":{"line":11,"column":5}}},"1":{"name":"(anonymous_1)","decl":{"start":{"line":13,"column":11},"end":{"line":13,"column":24}},"loc":{"start":{"line":13,"column":24},"end":{"line":15,"column":5}}},"2":{"name":"(anonymous_2)","decl":{"start":{"line":17,"column":11},"end":{"line":17,"column":19}},"loc":{"start":{"line":17,"column":19},"end":{"line":19,"column":5}}}},"branchMap":{},"s":{"0":12,"1":12,"2":10,"3":18,"4":1},"f":{"0":12,"1":10,"2":18},"b":{}}
}
