TN:
SF:src/customer.ts
FN:16,(anonymous_0)
FN:11,(anonymous_1)
FN:20,(anonymous_2)
FN:24,(anonymous_3)
FN:28,(anonymous_4)
FNF:5
FNH:5
FNDA:2,(anonymous_0)
FNDA:1,(anonymous_1)
FNDA:12,(anonymous_2)
FNDA:1,(anonymous_3)
FNDA:1,(anonymous_4)
DA:1,1
DA:10,1
DA:11,2
DA:14,2
DA:17,2
DA:21,12
DA:25,1
DA:29,1
DA:30,1
DA:31,1
DA:33,1
DA:34,6
DA:37,6
DA:39,2
DA:40,2
DA:41,1
DA:43,2
DA:45,2
DA:46,2
DA:48,2
DA:49,2
DA:50,1
DA:52,2
DA:56,6
DA:58,6
DA:59,1
DA:62,6
DA:63,6
DA:67,1
DA:68,1
DA:70,1
LF:31
LH:31
BRDA:38,0,0,2
BRDA:38,0,1,2
BRDA:38,0,2,2
BRDA:40,1,0,1
BRDA:40,1,1,1
BRDA:49,2,0,1
BRDA:49,2,1,1
BRDA:58,3,0,1
BRDA:58,3,1,5
BRDA:58,4,0,6
BRDA:58,4,1,2
BRF:11
BRH:11
end_of_record
TN:
SF:src/movie.ts
FN:10,(anonymous_0)
FN:15,(anonymous_1)
FN:19,(anonymous_2)
FN:23,(anonymous_3)
FNF:4
FNH:3
FNDA:12,(anonymous_0)
FNDA:12,(anonymous_1)
FNDA:0,(anonymous_2)
FNDA:6,(anonymous_3)
DA:1,1
DA:3,1
DA:4,1
DA:5,1
DA:11,12
DA:12,12
DA:16,12
DA:20,0
DA:24,6
LF:9
LH:8
BRF:0
BRH:0
end_of_record
TN:
SF:src/rental.ts
FN:8,(anonymous_0)
FN:13,(anonymous_1)
FN:17,(anonymous_2)
FNF:3
FNH:3
FNDA:12,(anonymous_0)
FNDA:10,(anonymous_1)
FNDA:18,(anonymous_2)
DA:3,1
DA:9,12
DA:10,12
DA:14,10
DA:18,18
LF:5
LH:5
BRF:0
BRH:0
end_of_record
